build/app/intermediates/manifest_merge_blame_file/debug/processDebugMainManifest/manifest-merger-blame-debug-report.txt
1<?xml version="1.0" encoding="utf-8"?>
2<manifest xmlns:android="http://schemas.android.com/apk/res/android"
3    package="com.mycompany.loya"
4    android:versionCode="1"
5    android:versionName="1.0.19" >
6
7    <uses-sdk
8        android:minSdkVersion="24"
9        android:targetSdkVersion="35" />
10    <!--
11         Flutter needs it to communicate with the running application
12         to allow setting breakpoints, to provide hot reload, etc.
13    -->
14    <uses-permission android:name="android.permission.INTERNET" />
14-->src\main\AndroidManifest.xml:2:3-64
14-->src\main\AndroidManifest.xml:2:20-62
15    <uses-permission android:name="android.permission.CAMERA" />
15-->src\main\AndroidManifest.xml:3:3-62
15-->src\main\AndroidManifest.xml:3:20-60
16    <uses-permission
16-->src\main\AndroidManifest.xml:4:3-142
17        android:name="android.permission.READ_EXTERNAL_STORAGE"
17-->src\main\AndroidManifest.xml:4:20-75
18        android:maxSdkVersion="32" />
18-->src\main\AndroidManifest.xml:4:76-102
19    <uses-permission
19-->src\main\AndroidManifest.xml:5:3-143
20        android:name="android.permission.WRITE_EXTERNAL_STORAGE"
20-->src\main\AndroidManifest.xml:5:20-76
21        android:maxSdkVersion="32" />
21-->src\main\AndroidManifest.xml:5:77-103
22    <uses-permission android:name="android.permission.POST_NOTIFICATIONS" />
22-->src\main\AndroidManifest.xml:6:3-74
22-->src\main\AndroidManifest.xml:6:20-72
23
24    <queries>
24-->[:file_picker] AndroidManifest.xml:7:5-13:15
25        <intent>
25-->[:file_picker] AndroidManifest.xml:8:9-12:18
26            <action android:name="android.intent.action.GET_CONTENT" />
26-->[:file_picker] AndroidManifest.xml:9:13-72
26-->[:file_picker] AndroidManifest.xml:9:21-69
27
28            <data android:mimeType="*/*" />
28-->src\main\AndroidManifest.xml:35:9-66
29        </intent>
30    </queries>
31
32    <uses-feature android:name="android.hardware.camera" />
32-->[:flutter_barcode_scanner] AndroidManifest.xml:9:5-60
32-->[:flutter_barcode_scanner] AndroidManifest.xml:9:19-57
33
34    <uses-permission android:name="android.permission.FLASHLIGHT" />
34-->[:flutter_barcode_scanner] AndroidManifest.xml:11:5-69
34-->[:flutter_barcode_scanner] AndroidManifest.xml:11:22-66
35    <uses-permission android:name="android.permission.ACCESS_NETWORK_STATE" />
35-->[com.google.firebase:firebase-auth:23.2.0] AndroidManifest.xml:26:5-79
35-->[com.google.firebase:firebase-auth:23.2.0] AndroidManifest.xml:26:22-76
36    <uses-permission android:name="com.google.android.providers.gsf.permission.READ_GSERVICES" />
36-->[com.google.android.recaptcha:recaptcha:18.6.1] AndroidManifest.xml:9:5-98
36-->[com.google.android.recaptcha:recaptcha:18.6.1] AndroidManifest.xml:9:22-95
37
38    <permission
38-->[androidx.core:core:1.15.0] AndroidManifest.xml:22:5-24:47
39        android:name="com.mycompany.loya.DYNAMIC_RECEIVER_NOT_EXPORTED_PERMISSION"
39-->[androidx.core:core:1.15.0] AndroidManifest.xml:23:9-81
40        android:protectionLevel="signature" />
40-->[androidx.core:core:1.15.0] AndroidManifest.xml:24:9-44
41
42    <uses-permission android:name="com.mycompany.loya.DYNAMIC_RECEIVER_NOT_EXPORTED_PERMISSION" />
42-->[androidx.core:core:1.15.0] AndroidManifest.xml:26:5-97
42-->[androidx.core:core:1.15.0] AndroidManifest.xml:26:22-94
43
44    <application
44-->src\main\AndroidManifest.xml:7:3-51:17
45        android:appComponentFactory="androidx.core.app.CoreComponentFactory"
45-->[androidx.core:core:1.15.0] AndroidManifest.xml:28:18-86
46        android:debuggable="true"
47        android:extractNativeLibs="false"
48        android:icon="@mipmap/ic_launcher"
48-->src\main\AndroidManifest.xml:10:5-39
49        android:label="LoyaApp"
49-->src\main\AndroidManifest.xml:8:5-28
50        android:largeHeap="true"
50-->[:flutter_barcode_scanner] AndroidManifest.xml:14:9-33
51        android:requestLegacyExternalStorage="true"
51-->src\main\AndroidManifest.xml:11:5-48
52        android:theme="@style/Theme.AppCompat.NoActionBar" >
52-->[:flutter_barcode_scanner] AndroidManifest.xml:15:9-59
53        <activity
53-->src\main\AndroidManifest.xml:13:5-47:16
54            android:name="com.mycompany.loya.MainActivity"
54-->src\main\AndroidManifest.xml:13:15-43
55            android:configChanges="orientation|keyboardHidden|keyboard|screenSize|smallestScreenSize|locale|layoutDirection|fontScale|screenLayout|density|uiMode"
55-->src\main\AndroidManifest.xml:13:134-284
56            android:exported="true"
56-->src\main\AndroidManifest.xml:13:44-67
57            android:hardwareAccelerated="true"
57-->src\main\AndroidManifest.xml:13:285-319
58            android:launchMode="singleTop"
58-->src\main\AndroidManifest.xml:13:68-98
59            android:theme="@style/LaunchTheme"
59-->src\main\AndroidManifest.xml:13:99-133
60            android:windowSoftInputMode="adjustResize" >
60-->src\main\AndroidManifest.xml:13:320-362
61
62            <!--
63           Specifies an Android theme to apply to this Activity as soon as
64                 the Android process has started. This theme is visible to the user
65                 while the Flutter UI initializes. After that, this theme continues
66                 to determine the Window background behind the Flutter UI.
67            -->
68            <meta-data
68-->src\main\AndroidManifest.xml:18:7-113
69                android:name="io.flutter.embedding.android.NormalTheme"
69-->src\main\AndroidManifest.xml:18:18-73
70                android:resource="@style/NormalTheme" />
70-->src\main\AndroidManifest.xml:18:74-111
71            <!--
72           Displays an Android View that continues showing the launch screen
73                 Drawable until Flutter paints its first frame, then this splash
74                 screen fades out. A splash screen is useful to avoid any visual
75                 gap between the end of Android's launch screen and the painting of
76                 Flutter's first frame.
77            -->
78            <meta-data
78-->src\main\AndroidManifest.xml:24:7-131
79                android:name="io.flutter.embedding.android.SplashScreenDrawable"
79-->src\main\AndroidManifest.xml:24:18-82
80                android:resource="@drawable/launch_background" />
80-->src\main\AndroidManifest.xml:24:83-129
81
82            <intent-filter>
82-->src\main\AndroidManifest.xml:25:7-28:23
83                <action android:name="android.intent.action.MAIN" />
83-->src\main\AndroidManifest.xml:26:9-60
83-->src\main\AndroidManifest.xml:26:17-58
84
85                <category android:name="android.intent.category.LAUNCHER" />
85-->src\main\AndroidManifest.xml:27:9-68
85-->src\main\AndroidManifest.xml:27:19-66
86            </intent-filter>
87            <!-- Deep linking -->
88            <meta-data
88-->src\main\AndroidManifest.xml:30:7-83
89                android:name="flutter_deeplinking_enabled"
89-->src\main\AndroidManifest.xml:30:18-60
90                android:value="true" />
90-->src\main\AndroidManifest.xml:30:61-81
91
92            <intent-filter android:autoVerify="true" >
92-->src\main\AndroidManifest.xml:31:7-36:23
92-->src\main\AndroidManifest.xml:31:22-47
93                <action android:name="android.intent.action.VIEW" />
93-->src\main\AndroidManifest.xml:32:9-60
93-->src\main\AndroidManifest.xml:32:17-58
94
95                <category android:name="android.intent.category.DEFAULT" />
95-->src\main\AndroidManifest.xml:33:9-67
95-->src\main\AndroidManifest.xml:33:19-65
96                <category android:name="android.intent.category.BROWSABLE" />
96-->src\main\AndroidManifest.xml:34:9-69
96-->src\main\AndroidManifest.xml:34:19-67
97
98                <data
98-->src\main\AndroidManifest.xml:35:9-66
99                    android:host="loyaapp.live"
99-->src\main\AndroidManifest.xml:35:37-64
100                    android:scheme="loya" />
100-->src\main\AndroidManifest.xml:35:15-36
101            </intent-filter>
102            <!-- Start of Deep Links -->
103            <intent-filter android:autoVerify="true" >
103-->src\main\AndroidManifest.xml:38:7-45:23
103-->src\main\AndroidManifest.xml:38:22-47
104                <action android:name="android.intent.action.VIEW" />
104-->src\main\AndroidManifest.xml:32:9-60
104-->src\main\AndroidManifest.xml:32:17-58
105
106                <category android:name="android.intent.category.DEFAULT" />
106-->src\main\AndroidManifest.xml:33:9-67
106-->src\main\AndroidManifest.xml:33:19-65
107                <category android:name="android.intent.category.BROWSABLE" />
107-->src\main\AndroidManifest.xml:34:9-69
107-->src\main\AndroidManifest.xml:34:19-67
108                <!-- Support both http and https links -->
109                <data
109-->src\main\AndroidManifest.xml:35:9-66
110                    android:host="loya.live"
110-->src\main\AndroidManifest.xml:35:37-64
111                    android:scheme="https" />
111-->src\main\AndroidManifest.xml:35:15-36
112                <data
112-->src\main\AndroidManifest.xml:35:9-66
113                    android:host="loya.live"
113-->src\main\AndroidManifest.xml:35:37-64
114                    android:scheme="http" />
114-->src\main\AndroidManifest.xml:35:15-36
115            </intent-filter>
116            <!-- End of Deep Links -->
117        </activity>
118        <!--
119         Don't delete the meta-data below.
120             This is used by the Flutter tool to generate GeneratedPluginRegistrant.java
121        -->
122        <meta-data
122-->src\main\AndroidManifest.xml:50:5-67
123            android:name="flutterEmbedding"
123-->src\main\AndroidManifest.xml:50:16-47
124            android:value="2" />
124-->src\main\AndroidManifest.xml:50:48-65
125
126        <service
126-->[:cloud_firestore] AndroidManifest.xml:8:9-12:19
127            android:name="com.google.firebase.components.ComponentDiscoveryService"
127-->[:cloud_firestore] AndroidManifest.xml:8:18-89
128            android:directBootAware="true"
128-->[com.google.firebase:firebase-common:21.0.0] AndroidManifest.xml:32:13-43
129            android:exported="false" >
129-->[com.google.firebase:firebase-perf:21.0.5] AndroidManifest.xml:13:13-37
130            <meta-data
130-->[:cloud_firestore] AndroidManifest.xml:9:13-11:85
131                android:name="com.google.firebase.components:io.flutter.plugins.firebase.firestore.FlutterFirebaseFirestoreRegistrar"
131-->[:cloud_firestore] AndroidManifest.xml:10:17-134
132                android:value="com.google.firebase.components.ComponentRegistrar" />
132-->[:cloud_firestore] AndroidManifest.xml:11:17-82
133            <meta-data
133-->[:firebase_auth] AndroidManifest.xml:9:13-11:85
134                android:name="com.google.firebase.components:io.flutter.plugins.firebase.auth.FlutterFirebaseAuthRegistrar"
134-->[:firebase_auth] AndroidManifest.xml:10:17-124
135                android:value="com.google.firebase.components.ComponentRegistrar" />
135-->[:firebase_auth] AndroidManifest.xml:11:17-82
136            <meta-data
136-->[:firebase_performance] AndroidManifest.xml:11:13-13:85
137                android:name="com.google.firebase.components:io.flutter.plugins.firebase.performance.FlutterFirebaseAppRegistrar"
137-->[:firebase_performance] AndroidManifest.xml:12:17-130
138                android:value="com.google.firebase.components.ComponentRegistrar" />
138-->[:firebase_performance] AndroidManifest.xml:13:17-82
139            <meta-data
139-->[:firebase_storage] AndroidManifest.xml:9:13-11:85
140                android:name="com.google.firebase.components:io.flutter.plugins.firebase.storage.FlutterFirebaseAppRegistrar"
140-->[:firebase_storage] AndroidManifest.xml:10:17-126
141                android:value="com.google.firebase.components.ComponentRegistrar" />
141-->[:firebase_storage] AndroidManifest.xml:11:17-82
142            <meta-data
142-->[:firebase_core] AndroidManifest.xml:9:13-11:85
143                android:name="com.google.firebase.components:io.flutter.plugins.firebase.core.FlutterFirebaseCoreRegistrar"
143-->[:firebase_core] AndroidManifest.xml:10:17-124
144                android:value="com.google.firebase.components.ComponentRegistrar" />
144-->[:firebase_core] AndroidManifest.xml:11:17-82
145            <meta-data
145-->[com.google.firebase:firebase-perf:21.0.5] AndroidManifest.xml:14:13-16:85
146                android:name="com.google.firebase.components:com.google.firebase.perf.FirebasePerfKtxRegistrar"
146-->[com.google.firebase:firebase-perf:21.0.5] AndroidManifest.xml:15:17-112
147                android:value="com.google.firebase.components.ComponentRegistrar" />
147-->[com.google.firebase:firebase-perf:21.0.5] AndroidManifest.xml:16:17-82
148            <meta-data
148-->[com.google.firebase:firebase-perf:21.0.5] AndroidManifest.xml:17:13-19:85
149                android:name="com.google.firebase.components:com.google.firebase.perf.FirebasePerfRegistrar"
149-->[com.google.firebase:firebase-perf:21.0.5] AndroidManifest.xml:18:17-109
150                android:value="com.google.firebase.components.ComponentRegistrar" />
150-->[com.google.firebase:firebase-perf:21.0.5] AndroidManifest.xml:19:17-82
151            <meta-data
151-->[com.google.firebase:firebase-auth:23.2.0] AndroidManifest.xml:69:13-71:85
152                android:name="com.google.firebase.components:com.google.firebase.auth.FirebaseAuthRegistrar"
152-->[com.google.firebase:firebase-auth:23.2.0] AndroidManifest.xml:70:17-109
153                android:value="com.google.firebase.components.ComponentRegistrar" />
153-->[com.google.firebase:firebase-auth:23.2.0] AndroidManifest.xml:71:17-82
154            <meta-data
154-->[com.google.firebase:firebase-firestore:25.1.3] AndroidManifest.xml:17:13-19:85
155                android:name="com.google.firebase.components:com.google.firebase.firestore.FirebaseFirestoreKtxRegistrar"
155-->[com.google.firebase:firebase-firestore:25.1.3] AndroidManifest.xml:18:17-122
156                android:value="com.google.firebase.components.ComponentRegistrar" />
156-->[com.google.firebase:firebase-firestore:25.1.3] AndroidManifest.xml:19:17-82
157            <meta-data
157-->[com.google.firebase:firebase-firestore:25.1.3] AndroidManifest.xml:20:13-22:85
158                android:name="com.google.firebase.components:com.google.firebase.firestore.FirestoreRegistrar"
158-->[com.google.firebase:firebase-firestore:25.1.3] AndroidManifest.xml:21:17-111
159                android:value="com.google.firebase.components.ComponentRegistrar" />
159-->[com.google.firebase:firebase-firestore:25.1.3] AndroidManifest.xml:22:17-82
160            <meta-data
160-->[com.google.firebase:firebase-storage:21.0.1] AndroidManifest.xml:30:13-32:85
161                android:name="com.google.firebase.components:com.google.firebase.storage.FirebaseStorageKtxRegistrar"
161-->[com.google.firebase:firebase-storage:21.0.1] AndroidManifest.xml:31:17-118
162                android:value="com.google.firebase.components.ComponentRegistrar" />
162-->[com.google.firebase:firebase-storage:21.0.1] AndroidManifest.xml:32:17-82
163            <meta-data
163-->[com.google.firebase:firebase-storage:21.0.1] AndroidManifest.xml:33:13-35:85
164                android:name="com.google.firebase.components:com.google.firebase.storage.StorageRegistrar"
164-->[com.google.firebase:firebase-storage:21.0.1] AndroidManifest.xml:34:17-107
165                android:value="com.google.firebase.components.ComponentRegistrar" />
165-->[com.google.firebase:firebase-storage:21.0.1] AndroidManifest.xml:35:17-82
166            <meta-data
166-->[com.google.firebase:firebase-config:22.1.0] AndroidManifest.xml:29:13-31:85
167                android:name="com.google.firebase.components:com.google.firebase.remoteconfig.FirebaseRemoteConfigKtxRegistrar"
167-->[com.google.firebase:firebase-config:22.1.0] AndroidManifest.xml:30:17-128
168                android:value="com.google.firebase.components.ComponentRegistrar" />
168-->[com.google.firebase:firebase-config:22.1.0] AndroidManifest.xml:31:17-82
169            <meta-data
169-->[com.google.firebase:firebase-config:22.1.0] AndroidManifest.xml:32:13-34:85
170                android:name="com.google.firebase.components:com.google.firebase.remoteconfig.RemoteConfigRegistrar"
170-->[com.google.firebase:firebase-config:22.1.0] AndroidManifest.xml:33:17-117
171                android:value="com.google.firebase.components.ComponentRegistrar" />
171-->[com.google.firebase:firebase-config:22.1.0] AndroidManifest.xml:34:17-82
172            <meta-data
172-->[com.google.firebase:firebase-sessions:2.0.7] AndroidManifest.xml:29:13-31:85
173                android:name="com.google.firebase.components:com.google.firebase.sessions.FirebaseSessionsRegistrar"
173-->[com.google.firebase:firebase-sessions:2.0.7] AndroidManifest.xml:30:17-117
174                android:value="com.google.firebase.components.ComponentRegistrar" />
174-->[com.google.firebase:firebase-sessions:2.0.7] AndroidManifest.xml:31:17-82
175            <meta-data
175-->[com.google.firebase:firebase-installations:18.0.0] AndroidManifest.xml:15:13-17:85
176                android:name="com.google.firebase.components:com.google.firebase.installations.FirebaseInstallationsKtxRegistrar"
176-->[com.google.firebase:firebase-installations:18.0.0] AndroidManifest.xml:16:17-130
177                android:value="com.google.firebase.components.ComponentRegistrar" />
177-->[com.google.firebase:firebase-installations:18.0.0] AndroidManifest.xml:17:17-82
178            <meta-data
178-->[com.google.firebase:firebase-installations:18.0.0] AndroidManifest.xml:18:13-20:85
179                android:name="com.google.firebase.components:com.google.firebase.installations.FirebaseInstallationsRegistrar"
179-->[com.google.firebase:firebase-installations:18.0.0] AndroidManifest.xml:19:17-127
180                android:value="com.google.firebase.components.ComponentRegistrar" />
180-->[com.google.firebase:firebase-installations:18.0.0] AndroidManifest.xml:20:17-82
181            <meta-data
181-->[com.google.firebase:firebase-appcheck:18.0.0] AndroidManifest.xml:25:13-27:85
182                android:name="com.google.firebase.components:com.google.firebase.appcheck.FirebaseAppCheckKtxRegistrar"
182-->[com.google.firebase:firebase-appcheck:18.0.0] AndroidManifest.xml:26:17-120
183                android:value="com.google.firebase.components.ComponentRegistrar" />
183-->[com.google.firebase:firebase-appcheck:18.0.0] AndroidManifest.xml:27:17-82
184            <meta-data
184-->[com.google.firebase:firebase-appcheck:18.0.0] AndroidManifest.xml:28:13-30:85
185                android:name="com.google.firebase.components:com.google.firebase.appcheck.FirebaseAppCheckRegistrar"
185-->[com.google.firebase:firebase-appcheck:18.0.0] AndroidManifest.xml:29:17-117
186                android:value="com.google.firebase.components.ComponentRegistrar" />
186-->[com.google.firebase:firebase-appcheck:18.0.0] AndroidManifest.xml:30:17-82
187            <meta-data
187-->[com.google.firebase:firebase-common-ktx:21.0.0] AndroidManifest.xml:12:13-14:85
188                android:name="com.google.firebase.components:com.google.firebase.ktx.FirebaseCommonLegacyRegistrar"
188-->[com.google.firebase:firebase-common-ktx:21.0.0] AndroidManifest.xml:13:17-116
189                android:value="com.google.firebase.components.ComponentRegistrar" />
189-->[com.google.firebase:firebase-common-ktx:21.0.0] AndroidManifest.xml:14:17-82
190            <meta-data
190-->[com.google.firebase:firebase-common:21.0.0] AndroidManifest.xml:35:13-37:85
191                android:name="com.google.firebase.components:com.google.firebase.FirebaseCommonKtxRegistrar"
191-->[com.google.firebase:firebase-common:21.0.0] AndroidManifest.xml:36:17-109
192                android:value="com.google.firebase.components.ComponentRegistrar" />
192-->[com.google.firebase:firebase-common:21.0.0] AndroidManifest.xml:37:17-82
193            <meta-data
193-->[com.google.firebase:firebase-abt:21.1.1] AndroidManifest.xml:12:13-14:85
194                android:name="com.google.firebase.components:com.google.firebase.abt.component.AbtRegistrar"
194-->[com.google.firebase:firebase-abt:21.1.1] AndroidManifest.xml:13:17-109
195                android:value="com.google.firebase.components.ComponentRegistrar" />
195-->[com.google.firebase:firebase-abt:21.1.1] AndroidManifest.xml:14:17-82
196            <meta-data
196-->[com.google.firebase:firebase-datatransport:19.0.0] AndroidManifest.xml:25:13-27:85
197                android:name="com.google.firebase.components:com.google.firebase.datatransport.TransportRegistrar"
197-->[com.google.firebase:firebase-datatransport:19.0.0] AndroidManifest.xml:26:17-115
198                android:value="com.google.firebase.components.ComponentRegistrar" />
198-->[com.google.firebase:firebase-datatransport:19.0.0] AndroidManifest.xml:27:17-82
199        </service>
200
201        <activity android:name="com.amolg.flutterbarcodescanner.BarcodeCaptureActivity" />
201-->[:flutter_barcode_scanner] AndroidManifest.xml:16:9-91
201-->[:flutter_barcode_scanner] AndroidManifest.xml:16:19-88
202
203        <provider
203-->[:image_picker_android] AndroidManifest.xml:9:9-17:20
204            android:name="io.flutter.plugins.imagepicker.ImagePickerFileProvider"
204-->[:image_picker_android] AndroidManifest.xml:10:13-82
205            android:authorities="com.mycompany.loya.flutter.image_provider"
205-->[:image_picker_android] AndroidManifest.xml:11:13-74
206            android:exported="false"
206-->[:image_picker_android] AndroidManifest.xml:12:13-37
207            android:grantUriPermissions="true" >
207-->[:image_picker_android] AndroidManifest.xml:13:13-47
208            <meta-data
208-->[:image_picker_android] AndroidManifest.xml:14:13-16:75
209                android:name="android.support.FILE_PROVIDER_PATHS"
209-->[:image_picker_android] AndroidManifest.xml:15:17-67
210                android:resource="@xml/flutter_image_picker_file_paths" />
210-->[:image_picker_android] AndroidManifest.xml:16:17-72
211        </provider> <!-- Trigger Google Play services to install the backported photo picker module. -->
212        <service
212-->[:image_picker_android] AndroidManifest.xml:19:9-31:19
213            android:name="com.google.android.gms.metadata.ModuleDependencies"
213-->[:image_picker_android] AndroidManifest.xml:20:13-78
214            android:enabled="false"
214-->[:image_picker_android] AndroidManifest.xml:21:13-36
215            android:exported="false" >
215-->[:image_picker_android] AndroidManifest.xml:22:13-37
216            <intent-filter>
216-->[:image_picker_android] AndroidManifest.xml:24:13-26:29
217                <action android:name="com.google.android.gms.metadata.MODULE_DEPENDENCIES" />
217-->[:image_picker_android] AndroidManifest.xml:25:17-94
217-->[:image_picker_android] AndroidManifest.xml:25:25-91
218            </intent-filter>
219
220            <meta-data
220-->[:image_picker_android] AndroidManifest.xml:28:13-30:36
221                android:name="photopicker_activity:0:required"
221-->[:image_picker_android] AndroidManifest.xml:29:17-63
222                android:value="" />
222-->[:image_picker_android] AndroidManifest.xml:30:17-33
223        </service>
224
225        <activity
225-->[:url_launcher_android] AndroidManifest.xml:8:9-11:74
226            android:name="io.flutter.plugins.urllauncher.WebViewActivity"
226-->[:url_launcher_android] AndroidManifest.xml:9:13-74
227            android:exported="false"
227-->[:url_launcher_android] AndroidManifest.xml:10:13-37
228            android:theme="@android:style/Theme.NoTitleBar.Fullscreen" />
228-->[:url_launcher_android] AndroidManifest.xml:11:13-71
229        <activity
229-->[com.google.firebase:firebase-auth:23.2.0] AndroidManifest.xml:29:9-46:20
230            android:name="com.google.firebase.auth.internal.GenericIdpActivity"
230-->[com.google.firebase:firebase-auth:23.2.0] AndroidManifest.xml:30:13-80
231            android:excludeFromRecents="true"
231-->[com.google.firebase:firebase-auth:23.2.0] AndroidManifest.xml:31:13-46
232            android:exported="true"
232-->[com.google.firebase:firebase-auth:23.2.0] AndroidManifest.xml:32:13-36
233            android:launchMode="singleTask"
233-->[com.google.firebase:firebase-auth:23.2.0] AndroidManifest.xml:33:13-44
234            android:theme="@android:style/Theme.Translucent.NoTitleBar" >
234-->[com.google.firebase:firebase-auth:23.2.0] AndroidManifest.xml:34:13-72
235            <intent-filter>
235-->[com.google.firebase:firebase-auth:23.2.0] AndroidManifest.xml:35:13-45:29
236                <action android:name="android.intent.action.VIEW" />
236-->src\main\AndroidManifest.xml:32:9-60
236-->src\main\AndroidManifest.xml:32:17-58
237
238                <category android:name="android.intent.category.DEFAULT" />
238-->src\main\AndroidManifest.xml:33:9-67
238-->src\main\AndroidManifest.xml:33:19-65
239                <category android:name="android.intent.category.BROWSABLE" />
239-->src\main\AndroidManifest.xml:34:9-69
239-->src\main\AndroidManifest.xml:34:19-67
240
241                <data
241-->src\main\AndroidManifest.xml:35:9-66
242                    android:host="firebase.auth"
242-->src\main\AndroidManifest.xml:35:37-64
243                    android:path="/"
244                    android:scheme="genericidp" />
244-->src\main\AndroidManifest.xml:35:15-36
245            </intent-filter>
246        </activity>
247        <activity
247-->[com.google.firebase:firebase-auth:23.2.0] AndroidManifest.xml:47:9-64:20
248            android:name="com.google.firebase.auth.internal.RecaptchaActivity"
248-->[com.google.firebase:firebase-auth:23.2.0] AndroidManifest.xml:48:13-79
249            android:excludeFromRecents="true"
249-->[com.google.firebase:firebase-auth:23.2.0] AndroidManifest.xml:49:13-46
250            android:exported="true"
250-->[com.google.firebase:firebase-auth:23.2.0] AndroidManifest.xml:50:13-36
251            android:launchMode="singleTask"
251-->[com.google.firebase:firebase-auth:23.2.0] AndroidManifest.xml:51:13-44
252            android:theme="@android:style/Theme.Translucent.NoTitleBar" >
252-->[com.google.firebase:firebase-auth:23.2.0] AndroidManifest.xml:52:13-72
253            <intent-filter>
253-->[com.google.firebase:firebase-auth:23.2.0] AndroidManifest.xml:53:13-63:29
254                <action android:name="android.intent.action.VIEW" />
254-->src\main\AndroidManifest.xml:32:9-60
254-->src\main\AndroidManifest.xml:32:17-58
255
256                <category android:name="android.intent.category.DEFAULT" />
256-->src\main\AndroidManifest.xml:33:9-67
256-->src\main\AndroidManifest.xml:33:19-65
257                <category android:name="android.intent.category.BROWSABLE" />
257-->src\main\AndroidManifest.xml:34:9-69
257-->src\main\AndroidManifest.xml:34:19-67
258
259                <data
259-->src\main\AndroidManifest.xml:35:9-66
260                    android:host="firebase.auth"
260-->src\main\AndroidManifest.xml:35:37-64
261                    android:path="/"
262                    android:scheme="recaptcha" />
262-->src\main\AndroidManifest.xml:35:15-36
263            </intent-filter>
264        </activity>
265
266        <service
266-->[androidx.credentials:credentials-play-services-auth:1.2.0-rc01] AndroidManifest.xml:24:9-32:19
267            android:name="androidx.credentials.playservices.CredentialProviderMetadataHolder"
267-->[androidx.credentials:credentials-play-services-auth:1.2.0-rc01] AndroidManifest.xml:25:13-94
268            android:enabled="true"
268-->[androidx.credentials:credentials-play-services-auth:1.2.0-rc01] AndroidManifest.xml:26:13-35
269            android:exported="false" >
269-->[androidx.credentials:credentials-play-services-auth:1.2.0-rc01] AndroidManifest.xml:27:13-37
270            <meta-data
270-->[androidx.credentials:credentials-play-services-auth:1.2.0-rc01] AndroidManifest.xml:29:13-31:104
271                android:name="androidx.credentials.CREDENTIAL_PROVIDER_KEY"
271-->[androidx.credentials:credentials-play-services-auth:1.2.0-rc01] AndroidManifest.xml:30:17-76
272                android:value="androidx.credentials.playservices.CredentialProviderPlayServicesImpl" />
272-->[androidx.credentials:credentials-play-services-auth:1.2.0-rc01] AndroidManifest.xml:31:17-101
273        </service>
274
275        <activity
275-->[androidx.credentials:credentials-play-services-auth:1.2.0-rc01] AndroidManifest.xml:34:9-41:20
276            android:name="androidx.credentials.playservices.HiddenActivity"
276-->[androidx.credentials:credentials-play-services-auth:1.2.0-rc01] AndroidManifest.xml:35:13-76
277            android:configChanges="orientation|screenSize|screenLayout|keyboardHidden"
277-->[androidx.credentials:credentials-play-services-auth:1.2.0-rc01] AndroidManifest.xml:36:13-87
278            android:enabled="true"
278-->[androidx.credentials:credentials-play-services-auth:1.2.0-rc01] AndroidManifest.xml:37:13-35
279            android:exported="false"
279-->[androidx.credentials:credentials-play-services-auth:1.2.0-rc01] AndroidManifest.xml:38:13-37
280            android:fitsSystemWindows="true"
280-->[androidx.credentials:credentials-play-services-auth:1.2.0-rc01] AndroidManifest.xml:39:13-45
281            android:theme="@style/Theme.Hidden" >
281-->[androidx.credentials:credentials-play-services-auth:1.2.0-rc01] AndroidManifest.xml:40:13-48
282        </activity>
283        <activity
283-->[com.google.android.gms:play-services-auth:21.0.0] AndroidManifest.xml:23:9-27:75
284            android:name="com.google.android.gms.auth.api.signin.internal.SignInHubActivity"
284-->[com.google.android.gms:play-services-auth:21.0.0] AndroidManifest.xml:24:13-93
285            android:excludeFromRecents="true"
285-->[com.google.android.gms:play-services-auth:21.0.0] AndroidManifest.xml:25:13-46
286            android:exported="false"